[2025-01-15 14:07:49] Ruta no definida: /process_login.php
[2025-01-15 14:09:33] Ruta no definida: /process_login.php
[2025-01-15 14:10:02] Ruta no definida: /process_login.php
[2025-01-15 14:10:05] Ruta no definida: /version2.0/public/
[2025-01-15 14:10:07] Ruta no definida: /version2.0/public/
[2025-01-15 14:10:07] Ruta no definida: /version2.0/public/
[2025-01-15 14:10:07] Ruta no definida: /version2.0/public/
[2025-01-15 14:10:07] Ruta no definida: /version2.0/public/
[2025-01-15 14:10:08] Ruta no definida: /version2.0/public/
[2025-01-15 14:10:08] Ruta no definida: /version2.0/public/
[2025-01-15 14:10:17] Ruta no definida: /version2.0/public/
[2025-01-15 14:10:23] Ruta no definida: /process_login.php
[2025-01-15 14:13:45] Ruta no definida: /process_login.php
[2025-01-15 14:21:35] Ruta no definida: /Version2.0/views/auth/login
[2025-01-15 14:22:08] Ruta no definida: /Version2.0/views/auth/login
[2025-01-16 09:32:28] Ruta no definida: /encuesta/1
[2025-01-16 09:34:04] Ruta no definida: /encuesta/1
[2025-01-16 09:34:50] Ruta no definida: /preguntas
[2025-01-16 09:35:13] Ruta no definida: /preguntas
[2025-01-16 09:35:13] Ruta no definida: /preguntas
[2025-01-16 09:35:13] Ruta no definida: /preguntas
[2025-01-16 11:30:49] Archivo no encontrado: C:\xampp\htdocs\Version2.0\routes/../views/survey/question.php
[2025-01-16 11:30:51] Archivo no encontrado: C:\xampp\htdocs\Version2.0\routes/../views/survey/question.php
[2025-01-16 11:30:52] Archivo no encontrado: C:\xampp\htdocs\Version2.0\routes/../views/survey/question.php
[2025-01-16 11:30:52] Archivo no encontrado: C:\xampp\htdocs\Version2.0\routes/../views/survey/question.php
[2025-01-16 11:30:52] Archivo no encontrado: C:\xampp\htdocs\Version2.0\routes/../views/survey/question.php
[2025-01-16 11:31:03] Archivo no encontrado: C:\xampp\htdocs\Version2.0\routes/../views/survey/question.php
[2025-01-16 11:31:04] Archivo no encontrado: C:\xampp\htdocs\Version2.0\routes/../views/survey/question.php
[2025-01-16 11:31:04] Archivo no encontrado: C:\xampp\htdocs\Version2.0\routes/../views/survey/question.php
[2025-01-16 11:31:04] Archivo no encontrado: C:\xampp\htdocs\Version2.0\routes/../views/survey/question.php
[2025-01-16 11:31:04] Archivo no encontrado: C:\xampp\htdocs\Version2.0\routes/../views/survey/question.php
[2025-01-16 11:32:42] Archivo no encontrado: C:\xampp\htdocs\Version2.0\routes/../views/survey/question.php
[2025-01-16 11:33:18] Archivo no encontrado: C:\xampp\htdocs\Version2.0\routes/../views/survey/question.php
[2025-01-16 12:10:18] Ruta no definida: /guardar_respuesta.php
[2025-01-16 12:12:00] Ruta no definida: /guardar_respuesta.php
[2025-01-16 12:15:05] Ruta no definida: /guardar_respuesta.php
[2025-01-16 13:23:54] Ruta no definida: /preguntas1
[2025-01-16 13:23:57] Ruta no definida: /preguntas/1
[2025-01-16 13:23:58] Ruta no definida: /preguntas1
[2025-01-17 09:26:11] Ruta no definida: /preguntas.php
[2025-01-17 09:26:24] Ruta no definida: /Preguntas.php
[2025-01-17 09:27:34] Ruta no definida: /preguntas/id=2
[2025-01-17 09:27:44] Ruta no definida: /preguntas/id=2
[2025-01-17 09:27:45] Ruta no definida: /preguntas/id=2
[2025-01-17 09:28:20] Ruta no definida: /preguntas/id=2
[2025-01-17 09:28:21] Ruta no definida: /preguntas/id=2
[2025-01-17 09:28:23] Ruta no definida: /Preguntas.php
[2025-01-17 09:28:24] Ruta no definida: /preguntas.php
[2025-01-17 11:31:45] Ruta no definida: /indice
[2025-01-17 11:31:46] Ruta no definida: /indice
[2025-01-17 11:31:46] Ruta no definida: /indice
[2025-01-17 11:31:48] Ruta no definida: /indice
[2025-01-17 11:31:48] Ruta no definida: /indice
[2025-01-17 11:31:48] Ruta no definida: /indice
[2025-01-17 11:31:56] Ruta no definida: /indice
[2025-01-17 11:31:57] Ruta no definida: /indice
[2025-01-17 11:31:57] Ruta no definida: /indice
[2025-01-17 11:31:57] Ruta no definida: /indice
[2025-01-17 11:31:57] Ruta no definida: /indice
[2025-01-17 11:31:58] Ruta no definida: /indice
[2025-01-17 11:31:58] Ruta no definida: /indice
[2025-01-17 11:31:58] Ruta no definida: /indice
[2025-01-17 11:31:58] Ruta no definida: /indice
[2025-01-17 11:31:58] Ruta no definida: /indice
[2025-01-17 11:31:59] Ruta no definida: /indice
[2025-01-17 11:31:59] Ruta no definida: /indice
[2025-01-17 11:31:59] Ruta no definida: /indice
[2025-01-17 11:31:59] Ruta no definida: /indice
[2025-01-17 11:31:59] Ruta no definida: /indice
[2025-01-17 11:31:59] Ruta no definida: /indice
[2025-01-17 12:42:45] Ruta no definida: /indice
[2025-01-17 12:42:46] Ruta no definida: /indice
[2025-01-17 12:42:47] Ruta no definida: /indice
[2025-01-17 12:42:47] Ruta no definida: /indice
[2025-01-17 12:42:48] Ruta no definida: /indice
[2025-01-17 12:42:49] Ruta no definida: /indice
[2025-01-17 13:43:16] Ruta no definida: /indice
[2025-01-17 13:43:17] Ruta no definida: /indice
[2025-01-17 13:43:18] Ruta no definida: /indice
[2025-01-17 13:43:18] Ruta no definida: /indice
[2025-01-17 13:43:19] Ruta no definida: /indice
[2025-01-17 13:43:19] Ruta no definida: /indice
[2025-01-17 13:43:19] Ruta no definida: /indice
[2025-01-20 09:44:27] Archivo no encontrado: C:\xampp\htdocs\Version2.0\routes/../views/survey/Pregunta.php
[2025-01-20 09:44:27] Archivo no encontrado: C:\xampp\htdocs\Version2.0\routes/../views/survey/Pregunta.php
[2025-01-20 09:44:45] Archivo no encontrado: C:\xampp\htdocs\Version2.0\routes/../views/survey/Pregunta.php
[2025-01-20 09:44:45] Archivo no encontrado: C:\xampp\htdocs\Version2.0\routes/../views/survey/Pregunta.php
[2025-01-20 09:44:56] Archivo no encontrado: C:\xampp\htdocs\Version2.0\routes/../views/survey/Pregunta.php
[2025-01-20 09:45:42] Ruta no definida: /preguntas
[2025-01-20 09:45:47] Ruta no definida: /preguntas
[2025-01-20 09:48:16] Ruta no definida: /preguntas
[2025-01-20 11:07:51] Ruta no definida: /login.php
[2025-01-20 11:07:51] Ruta no definida: /login.php
[2025-01-20 11:08:02] Ruta no definida: /login.php
[2025-01-20 12:14:22] Ruta no definida: /views/auth/guardarRespuesta.php
[2025-01-20 13:23:09] Ruta no definida: /version2.0/public/404
[2025-01-20 13:25:00] Ruta no definida: /version2.0/public/404
[2025-01-20 13:25:46] Ruta no definida: /version2.0/public/404
[2025-01-20 13:25:49] Ruta no definida: /version2.0/public/404
[2025-01-20 13:27:24] Ruta no definida: /version2.0/public/404
[2025-01-20 13:27:36] Ruta no definida: /version2.0/public/404
[2025-01-20 13:28:17] Ruta no definida: /version2.0/public/404
[2025-01-20 13:28:21] Ruta no definida: /version2.0/public/404
[2025-01-20 13:30:11] Ruta no definida: /version2.0/public/404
[2025-01-20 13:31:15] Ruta no definida: /version2.0/public/404
[2025-01-20 13:32:27] Ruta no definida: /version2.0/public/404
[2025-01-20 13:37:02] Ruta no definida: /version2.0/public/cuestionario
[2025-01-20 14:28:44] Ruta no definida: /Version2.0/assets/css/_buttons.css
[2025-01-20 14:28:46] Ruta no definida: /Version2.0/assets/css/_buttons.css
[2025-01-20 14:28:46] Ruta no definida: /Version2.0/assets/css/_buttons.css
[2025-01-20 14:28:47] Ruta no definida: /Version2.0/assets/css/_buttons.css
[2025-01-20 14:28:47] Ruta no definida: /Version2.0/assets/css/_buttons.css
[2025-01-20 14:28:47] Ruta no definida: /Version2.0/assets/css/_buttons.css
[2025-01-20 14:28:47] Ruta no definida: /Version2.0/assets/css/_buttons.css
[2025-01-20 14:28:47] Ruta no definida: /Version2.0/assets/css/_buttons.css
[2025-01-20 14:28:47] Ruta no definida: /Version2.0/assets/css/_buttons.css
[2025-01-20 14:28:48] Ruta no definida: /Version2.0/assets/css/_buttons.css
[2025-01-20 14:28:49] Ruta no definida: /Version2.0/assets/css/_buttons.css
[2025-01-20 14:28:50] Ruta no definida: /Version2.0/assets/css/_buttons.css
[2025-01-20 14:28:50] Ruta no definida: /Version2.0/assets/css/_buttons.css
[2025-01-20 14:28:51] Ruta no definida: /Version2.0/assets/css/_buttons.css
[2025-01-20 14:28:51] Ruta no definida: /Version2.0/assets/css/_buttons.css
[2025-01-20 14:29:06] Ruta no definida: /Version2.0/assets/css/_buttons.css
[2025-01-20 14:29:07] Ruta no definida: /Version2.0/assets/css/_buttons.css
[2025-01-20 14:29:07] Ruta no definida: /Version2.0/assets/css/_buttons.css
[2025-01-20 14:29:07] Ruta no definida: /Version2.0/assets/css/_buttons.css
[2025-01-20 14:29:20] Ruta no definida: /Version2.0/assets/css/_buttons.css
[2025-01-20 14:29:22] Ruta no definida: /public/cuestionario
[2025-01-20 14:29:27] Ruta no definida: /public/cuestionario
[2025-01-21 11:45:48] Ruta no definida: /c
[2025-01-21 13:57:21] Ruta no definida: /c
[2025-01-22 10:42:39] Ruta no definida: /c
[2025-01-22 11:43:12] Ruta no definida: /c
[2025-01-22 12:53:27] Ruta no definida: /c
[2025-01-22 14:28:25] Ruta no definida: /c
[2025-01-27 11:07:04] Ruta no definida: /c
[2025-01-27 11:10:48] Ruta no definida: /guardar_respuestas.php
[2025-01-27 11:10:57] Ruta no definida: /guardar_respuestas.php
[2025-01-27 12:06:10] Ruta no definida: /cuest
[2025-01-27 12:20:16] Ruta no definida: /c
[2025-01-27 12:21:38] Ruta no definida: /cuestio
[2025-01-27 12:23:32] Ruta no definida: /cuestio
[2025-01-27 12:24:49] Ruta no definida: /c
[2025-01-27 12:26:06] Ruta no definida: /cuestiona
[2025-01-27 12:30:43] Ruta no definida: /cuestio
[2025-01-27 12:33:54] Ruta no definida: /cuestion
[2025-01-27 12:40:42] Ruta no definida: /cu
[2025-01-27 12:43:12] Ruta no definida: /cuestion
[2025-01-27 12:45:23] Ruta no definida: /save_response.php
[2025-01-27 12:45:24] Ruta no definida: /save_response.php
[2025-01-27 12:45:24] Ruta no definida: /save_response.php
[2025-01-27 12:45:24] Ruta no definida: /save_response.php
[2025-01-27 12:45:24] Ruta no definida: /save_response.php
[2025-01-27 12:45:25] Ruta no definida: /save_response.php
[2025-01-27 12:45:26] Ruta no definida: /save_response.php
[2025-01-27 12:45:26] Ruta no definida: /save_response.php
[2025-01-27 12:45:26] Ruta no definida: /save_response.php
[2025-01-27 12:45:26] Ruta no definida: /save_response.php
[2025-01-27 12:45:27] Ruta no definida: /save_response.php
[2025-01-27 12:45:28] Ruta no definida: /save_response.php
[2025-01-27 12:46:06] Ruta no definida: /save_response.php
[2025-01-27 12:46:06] Ruta no definida: /save_response.php
[2025-01-27 12:46:07] Ruta no definida: /save_response.php
[2025-01-27 12:46:07] Ruta no definida: /save_response.php
[2025-01-27 12:46:07] Ruta no definida: /save_response.php
[2025-01-27 12:46:07] Ruta no definida: /save_response.php
[2025-01-27 12:46:08] Ruta no definida: /save_response.php
[2025-01-27 12:46:08] Ruta no definida: /save_response.php
[2025-01-27 12:46:09] Ruta no definida: /save_response.php
[2025-01-27 12:46:10] Ruta no definida: /save_response.php
[2025-01-27 12:46:11] Ruta no definida: /save_response.php
[2025-01-27 12:46:12] Ruta no definida: /save_response.php
[2025-01-27 12:46:12] Ruta no definida: /save_response.php
[2025-01-27 12:46:13] Ruta no definida: /save_response.php
[2025-01-27 12:46:13] Ruta no definida: /save_response.php
[2025-01-27 12:46:15] Ruta no definida: /save_response.php
[2025-01-27 12:46:17] Ruta no definida: /save_response.php
[2025-01-27 12:46:17] Ruta no definida: /save_response.php
[2025-01-27 12:46:18] Ruta no definida: /save_response.php
[2025-01-27 12:46:18] Ruta no definida: /save_response.php
[2025-01-27 12:46:20] Ruta no definida: /c
[2025-01-27 12:46:31] Ruta no definida: /save_response.php
[2025-01-27 12:46:31] Ruta no definida: /save_response.php
[2025-01-27 12:46:32] Ruta no definida: /save_response.php
[2025-01-27 12:46:32] Ruta no definida: /save_response.php
[2025-01-27 12:46:33] Ruta no definida: /save_response.php
[2025-01-27 12:46:33] Ruta no definida: /save_response.php
[2025-01-27 12:46:35] Ruta no definida: /save_response.php
[2025-01-27 12:46:35] Ruta no definida: /save_response.php
[2025-01-27 12:46:36] Ruta no definida: /save_response.php
[2025-01-27 12:46:36] Ruta no definida: /save_response.php
[2025-01-27 12:46:37] Ruta no definida: /save_response.php
[2025-01-27 12:46:38] Ruta no definida: /save_response.php
[2025-01-27 12:46:38] Ruta no definida: /save_response.php
[2025-01-27 12:46:39] Ruta no definida: /save_response.php
[2025-01-27 12:46:39] Ruta no definida: /save_response.php
[2025-01-27 12:46:41] Ruta no definida: /save_response.php
[2025-01-27 12:46:43] Ruta no definida: /save_response.php
[2025-01-27 12:46:44] Ruta no definida: /save_response.php
[2025-01-27 12:46:44] Ruta no definida: /save_response.php
[2025-01-27 12:46:44] Ruta no definida: /save_response.php
[2025-01-27 12:46:44] Ruta no definida: /save_response.php
[2025-01-27 12:46:45] Ruta no definida: /save_response.php
[2025-01-27 12:46:46] Ruta no definida: /save_response.php
[2025-01-27 12:46:49] Ruta no definida: /save_response.php
[2025-01-27 12:46:50] Ruta no definida: /save_response.php
[2025-01-27 12:46:50] Ruta no definida: /save_response.php
[2025-01-27 12:46:50] Ruta no definida: /save_response.php
[2025-01-27 12:46:50] Ruta no definida: /save_response.php
[2025-01-27 12:46:52] Ruta no definida: /save_response.php
[2025-01-27 12:46:52] Ruta no definida: /save_response.php
[2025-01-27 12:46:54] Ruta no definida: /save_response.php
[2025-01-27 12:46:54] Ruta no definida: /save_response.php
[2025-01-27 12:46:55] Ruta no definida: /save_response.php
[2025-01-27 12:46:55] Ruta no definida: /save_response.php
[2025-01-27 12:46:55] Ruta no definida: /save_response.php
[2025-01-27 12:46:56] Ruta no definida: /save_response.php
[2025-01-27 12:46:57] Ruta no definida: /save_response.php
[2025-01-27 12:46:59] Ruta no definida: /save_response.php
[2025-01-27 12:46:59] Ruta no definida: /save_response.php
[2025-01-27 12:47:00] Ruta no definida: /save_response.php
[2025-01-27 12:47:00] Ruta no definida: /save_response.php
[2025-01-27 12:47:02] Ruta no definida: /save_response.php
[2025-01-27 14:09:02] Ruta no definida: /cuestionario/30
[2025-01-28 09:07:04] Ruta no definida: /c
[2025-01-28 09:13:17] Ruta no definida: /cuestio
[2025-01-28 09:14:29] Ruta no definida: /cuestiona
[2025-01-28 09:34:37] Ruta no definida: /cuestion
[2025-01-28 10:35:47] Ruta no definida: /cuestionari
[2025-01-28 10:38:26] Ruta no definida: /cuestionari
[2025-01-28 11:01:47] Ruta no definida: /cuesti
[2025-01-28 12:05:21] Ruta no definida: /cu
[2025-01-28 12:17:38] Ruta no definida: /cuestiona
[2025-01-28 12:21:39] Ruta no definida: /cues
[2025-01-28 12:28:51] Ruta no definida: /cue
[2025-01-28 12:31:44] Ruta no definida: /cuestion
[2025-01-28 12:35:51] Ruta no definida: /cuestion
[2025-01-28 12:38:20] Ruta no definida: /cuestion
[2025-01-28 12:45:19] Ruta no definida: /cuesti
[2025-01-28 12:49:06] Ruta no definida: /cuesti
[2025-01-28 13:16:19] Ruta no definida: /cue
[2025-01-28 13:27:21] Ruta no definida: /cuestion
[2025-01-28 13:28:10] Ruta no definida: /cuestio
[2025-01-28 13:30:26] Ruta no definida: /cues
[2025-01-28 13:38:05] Ruta no definida: /cuestiona
[2025-01-28 13:53:16] Ruta no definida: /cuestion
[2025-01-28 13:54:05] Ruta no definida: /cuestionario.php
[2025-01-28 13:54:12] Ruta no definida: /vistaCuestionario.php
[2025-01-28 13:55:19] Ruta no definida: /cuestionario.php
[2025-01-28 13:55:21] Ruta no definida: /cuestion
[2025-01-28 13:55:39] Ruta no definida: /vistaCuestionario.php
[2025-01-28 14:00:33] Ruta no definida: /cuestiona
[2025-01-28 14:23:29] Ruta no definida: /cu
[2025-01-28 14:32:49] Ruta no definida: /cuestion
[2025-01-29 08:36:08] Ruta no definida: /cues
[2025-01-29 08:50:07] Ruta no definida: /cuestiona
[2025-01-29 08:57:02] Ruta no definida: /cuestionari
[2025-01-29 09:08:30] Ruta no definida: /cuestion
[2025-01-29 09:11:54] Ruta no definida: /cuestio
[2025-01-29 09:17:14] Ruta no definida: /cuestiona
[2025-01-29 13:29:42] Ruta no definida: /cuestio
[2025-01-29 13:49:32] Ruta no definida: /cues
[2025-01-29 14:03:42] Ruta no definida: /%7B%7B%20url('/')%20%7D%7D
[2025-01-29 14:04:02] Ruta no definida: /%7B%7B%20url('/public/')%20%7D%7D
[2025-01-30 08:30:19] Ruta no definida: /version2.0/public/cuestionario
[2025-01-30 08:30:21] Ruta no definida: /version2.0/public/cuestionario
[2025-01-30 08:32:02] Ruta no definida: /version2.0/public/cuestionario
[2025-01-30 08:32:06] Ruta no definida: /version2.0/public/cuestionario
[2025-01-30 09:02:38] Ruta no definida: /version2.0/public/cuestionario
[2025-01-30 09:02:42] Ruta no definida: /version2.0/public/cuestionario
[2025-01-30 09:02:55] Ruta no definida: /version2.0/public/cuestionario
[2025-01-30 09:02:55] Ruta no definida: /version2.0/public/cuestionario
[2025-01-30 09:02:57] Ruta no definida: /version2.0/public/cuestionario
[2025-01-30 09:03:08] Ruta no definida: /version2.0/public/cuestionario
[2025-01-30 09:03:10] Ruta no definida: /version2.0/public/cuestionario
[2025-01-30 09:03:11] Ruta no definida: /version2.0/public/cuestionario
[2025-01-30 09:03:32] Ruta no definida: /version2.0/public/cuestionario
[2025-01-30 09:03:34] Ruta no definida: /version2.0/public/cuestionario
[2025-01-30 09:03:35] Ruta no definida: /version2.0/public/cuestionario
[2025-01-30 09:03:47] Ruta no definida: /version2.0/public/cuestionario
[2025-01-30 09:04:13] Ruta no definida: /cuestio
[2025-01-30 09:08:16] Ruta no definida: /cuestionari
[2025-01-30 09:09:06] Ruta no definida: /cuestio
[2025-01-30 09:10:39] Ruta no definida: /cuestion
[2025-01-30 09:15:29] Ruta no definida: /cuest
[2025-01-30 09:17:30] Ruta no definida: /cuestion
[2025-01-30 09:20:05] Ruta no definida: /cuestio
[2025-01-30 09:20:15] Ruta no definida: /cuestiona
[2025-01-30 09:21:26] Ruta no definida: /cuestio
[2025-01-30 09:22:40] Ruta no definida: /cuestio
[2025-01-30 09:23:00] Ruta no definida: /cuestiona
[2025-01-30 11:02:37] Ruta no definida: /cuest
[2025-01-30 11:39:01] Ruta no definida: /cuestio
[2025-01-30 11:44:11] Ruta no definida: /cuestion
[2025-01-30 11:44:38] Ruta no definida: /cuestionari
[2025-01-30 11:50:29] Ruta no definida: /cuestion
[2025-01-30 11:53:07] Ruta no definida: /cuestionario/1
[2025-01-30 11:54:41] Ruta no definida: /cuestionario/1
[2025-01-30 11:56:45] Ruta no definida: /cuestionario/1
[2025-01-30 11:56:46] Ruta no definida: /cuestionario/1
[2025-01-30 11:59:30] Ruta no definida: /cuestionario/1
[2025-01-30 12:00:21] Ruta no definida: /cuestionario/1
[2025-01-30 12:00:22] Ruta no definida: /cuestionario/1
[2025-01-30 12:00:22] Ruta no definida: /cuestionario/1
[2025-01-30 12:00:22] Ruta no definida: /cuestionario/1
[2025-01-30 12:00:26] Ruta no definida: /cuestionario/1
[2025-01-30 12:01:53] Ruta no definida: /cuestionario/1
[2025-01-30 12:01:53] Ruta no definida: /cuestionario/1
[2025-01-30 12:01:53] Ruta no definida: /cuestionario/1
[2025-01-30 12:01:54] Ruta no definida: /cuestionario/1
[2025-01-30 12:01:54] Ruta no definida: /cuestionario/1
[2025-01-30 12:01:54] Ruta no definida: /cuestionario/1
[2025-01-30 12:01:54] Ruta no definida: /cuestionario/1
[2025-01-30 12:01:54] Ruta no definida: /cuestionario/1
[2025-01-30 12:01:55] Ruta no definida: /cuestionario/1
[2025-01-30 12:03:32] Ruta no definida: /cuestionario/1
[2025-01-30 12:03:33] Ruta no definida: /cuestionario/1
[2025-01-30 12:03:38] Ruta no definida: /cuestionario/1
[2025-01-30 12:04:02] Ruta no definida: /cuestionario/1
[2025-01-30 12:04:03] Ruta no definida: /cuestionario/1
[2025-01-30 12:04:03] Ruta no definida: /cuestionario/1
[2025-01-30 12:04:03] Ruta no definida: /cuestionario/1
[2025-01-30 12:04:03] Ruta no definida: /cuestionario/1
[2025-01-30 12:04:04] Ruta no definida: /cuestionario/1
[2025-01-30 12:04:05] Ruta no definida: /cuestionario/1
[2025-01-30 12:04:18] Ruta no definida: /cuestionario/1
[2025-01-30 12:04:18] Ruta no definida: /cuestionario/1
[2025-01-30 12:04:21] Ruta no definida: /cuestionario/1
[2025-01-30 12:04:39] Ruta no definida: /cuestionario/1
[2025-01-30 12:04:42] Ruta no definida: /cuestionario/1
[2025-01-30 12:06:13] Ruta no definida: /cuestionario/1
[2025-01-30 12:06:13] Ruta no definida: /cuestionario/1
[2025-01-30 12:06:13] Ruta no definida: /cuestionario/1
[2025-01-30 12:06:13] Ruta no definida: /cuestionario/1
[2025-01-30 12:06:17] Ruta no definida: /cuestionario/1
[2025-01-30 12:10:48] Ruta no definida: /cuestionario/1
[2025-01-30 12:10:48] Ruta no definida: /cuestionario/1
[2025-01-30 12:10:49] Ruta no definida: /cuestionario/1
[2025-01-30 12:10:53] Ruta no definida: /cuestionario/1
[2025-01-30 12:11:46] Ruta no definida: /cuestionario/1
[2025-01-30 12:11:46] Ruta no definida: /cuestionario/1
[2025-01-30 12:11:46] Ruta no definida: /cuestionario/1
[2025-01-30 12:11:46] Ruta no definida: /cuestionario/1
[2025-01-30 12:11:46] Ruta no definida: /cuestionario/1
[2025-01-30 12:13:39] Ruta no definida: /cuestionario/1
[2025-01-30 12:13:44] Ruta no definida: /cuestionario/1
[2025-01-30 12:17:00] Ruta no definida: /cuestionario/1
[2025-01-30 12:17:03] Ruta no definida: /cuestionario/1
[2025-01-30 12:18:09] Ruta no definida: /cuestionario/1
[2025-01-30 12:18:10] Ruta no definida: /cuestionario/1
[2025-01-30 12:18:10] Ruta no definida: /cuestionario/1
[2025-01-30 12:18:10] Ruta no definida: /cuestionario/1
[2025-01-30 12:18:11] Ruta no definida: /cuestiona
[2025-01-30 12:18:17] Ruta no definida: /cuestionario/1
[2025-01-30 12:25:05] Ruta no definida: /cuestion
[2025-01-30 12:29:46] Ruta no definida: /views/ControlPanel/controlPanel.php
[2025-01-30 12:45:32] Ruta no definida: /cues
[2025-01-30 14:14:38] Ruta no definida: /cuestio
[2025-01-31 08:37:38] Ruta no definida: /cu
[2025-01-31 09:01:24] Ruta no definida: /cuestio
[2025-01-31 09:04:42] Ruta no definida: /cuestion
[2025-01-31 10:58:46] Ruta no definida: /cuestio
[2025-01-31 11:29:50] Ruta no definida: /cuestio
[2025-01-31 11:55:23] Ruta no definida: /cuest
[2025-02-03 13:31:42] Ruta no definida: /cuestiona
[2025-02-03 14:03:49] Ruta no definida: /cuestiona
[2025-02-03 14:30:04] Ruta no definida: /cuestio
[2025-02-03 14:38:03] Ruta no definida: /cuestion
[2025-02-04 08:48:05] Ruta no definida: /cuestio
[2025-02-04 08:58:58] Ruta no definida: /cuestio
[2025-02-04 09:11:50] Ruta no definida: /cuestiona
[2025-02-04 10:42:32] Ruta no definida: /cuestio
[2025-02-04 11:16:18] Ruta no definida: /c
[2025-02-04 12:07:50] Ruta no definida: /cuestion
[2025-02-04 12:08:07] Ruta no definida: /cuesti
[2025-02-04 12:08:34] Ruta no definida: /cuesti
[2025-02-04 12:31:17] Ruta no definida: /cuestiona
[2025-02-04 12:32:05] Ruta no definida: /cuestion
[2025-02-04 12:34:32] Ruta no definida: /cues
[2025-02-04 12:36:22] Ruta no definida: /cuestio
[2025-02-04 12:44:12] Ruta no definida: /cuestiona
[2025-02-04 12:54:21] Ruta no definida: /cuestio
[2025-02-04 12:55:46] Ruta no definida: /cuestio
[2025-02-04 12:58:16] Ruta no definida: /cuestio
[2025-02-04 12:58:42] Ruta no definida: /cuest
[2025-02-04 12:58:52] Ruta no definida: /cuest
[2025-02-04 12:59:51] Ruta no definida: /cuest
[2025-02-04 13:00:04] Ruta no definida: /cuestion
[2025-02-04 13:06:32] Ruta no definida: /cuesti
[2025-02-04 13:08:42] Ruta no definida: /cuesti
[2025-02-04 13:09:54] Ruta no definida: /cuestiona
[2025-02-04 13:10:56] Ruta no definida: /cuestio
[2025-02-04 13:11:14] Ruta no definida: /cuestion
[2025-02-04 13:16:46] Ruta no definida: /cuestio
[2025-02-04 13:29:30] Ruta no definida: /indice
[2025-02-04 13:29:49] Ruta no definida: /indice
[2025-02-04 13:31:13] Ruta no definida: /version2.0/public/encuesta
[2025-02-04 13:31:23] Ruta no definida: /version2.0/public/encuesta
[2025-02-04 13:31:30] Ruta no definida: /version2.0/public/encuesta
[2025-02-04 13:31:30] Ruta no definida: /version2.0/public/encuesta
[2025-02-04 13:31:30] Ruta no definida: /version2.0/public/encuesta
[2025-02-04 13:31:30] Ruta no definida: /version2.0/public/encuesta
[2025-02-04 13:31:31] Ruta no definida: /version2.0/public/encuesta
[2025-02-04 13:31:31] Ruta no definida: /version2.0/public/encuesta
[2025-02-04 13:31:31] Ruta no definida: /version2.0/public/encuesta
[2025-02-04 13:31:31] Ruta no definida: /version2.0/public/encuesta
[2025-02-04 13:31:31] Ruta no definida: /version2.0/public/encuesta
[2025-02-04 13:31:32] Ruta no definida: /version2.0/public/encuesta
[2025-02-04 13:31:32] Ruta no definida: /version2.0/public/encuesta
[2025-02-04 13:31:32] Ruta no definida: /version2.0/public/encuesta
[2025-02-04 13:31:32] Ruta no definida: /version2.0/public/encuesta
[2025-02-04 13:31:32] Ruta no definida: /version2.0/public/encuesta
[2025-02-04 13:31:32] Ruta no definida: /version2.0/public/encuesta
[2025-02-04 13:31:41] Ruta no definida: /version2.0/public/encuesta
[2025-02-04 13:31:41] Ruta no definida: /version2.0/public/encuesta
[2025-02-04 13:31:42] Ruta no definida: /version2.0/public/encuesta
[2025-02-04 13:31:42] Ruta no definida: /version2.0/public/encuesta
[2025-02-04 13:31:42] Ruta no definida: /version2.0/public/encuesta
[2025-02-04 13:31:45] Ruta no definida: /version2.0/public/encuesta
[2025-02-04 13:31:45] Ruta no definida: /version2.0/public/encuesta
[2025-02-04 13:31:45] Ruta no definida: /version2.0/public/encuesta
[2025-02-04 13:31:46] Ruta no definida: /version2.0/public/encuesta
[2025-02-05 11:37:04] Ruta no definida: /cuestion
[2025-02-05 12:04:54] Ruta no definida: /cuestiona
[2025-02-05 12:17:15] Ruta no definida: /cuestio
[2025-02-05 12:18:12] Ruta no definida: /cuest
[2025-02-05 12:35:42] Ruta no definida: /cuestiona
[2025-02-06 09:14:21] Ruta no definida: /cuest
[2025-02-06 09:16:19] Ruta no definida: /cues
[2025-02-06 09:19:19] Ruta no definida: /cuesti
[2025-02-06 09:25:32] Ruta no definida: /cuestionar
[2025-02-06 09:28:52] Ruta no definida: /cuestiona
[2025-02-06 09:30:53] Ruta no definida: /cue
[2025-02-06 09:32:01] Ruta no definida: /cuesti
[2025-02-06 09:33:39] Ruta no definida: /cues
[2025-02-06 09:58:47] Ruta no definida: /cuestion
[2025-02-06 10:04:46] Ruta no definida: /cuest
[2025-02-06 10:06:10] Ruta no definida: /cuestiona
[2025-02-06 10:47:06] Ruta no definida: /cuestio
[2025-02-06 10:47:20] Ruta no definida: /cuesti
[2025-02-06 10:56:07] Ruta no definida: /cuestio
[2025-02-06 11:06:49] Ruta no definida: /cuestio
[2025-02-06 11:21:22] Ruta no definida: /cuest
[2025-02-06 11:27:33] Ruta no definida: /cuestio
[2025-02-06 11:32:43] Ruta no definida: /cuestion
[2025-02-06 11:36:13] Ruta no definida: /cuestio
[2025-02-06 11:36:56] Ruta no definida: /cuestionar
[2025-02-06 11:42:49] Ruta no definida: /cues
[2025-02-06 11:50:02] Ruta no definida: /cuestio
[2025-02-06 11:50:29] Ruta no definida: /cuest
[2025-02-06 11:53:07] Ruta no definida: /cuestio
[2025-02-06 11:53:31] Ruta no definida: /cuestiona
[2025-02-06 11:54:08] Ruta no definida: /cuesti
[2025-02-06 11:54:21] Ruta no definida: /cuestiona
[2025-02-06 11:54:36] Ruta no definida: /cuesti
[2025-02-06 11:54:54] Ruta no definida: /cuestio
[2025-02-06 11:55:22] Ruta no definida: /cu
[2025-02-06 11:56:01] Ruta no definida: /cuestion
[2025-02-06 11:57:07] Ruta no definida: /cuestion
[2025-02-06 11:57:21] Ruta no definida: /cuestiona
[2025-02-06 12:09:11] Ruta no definida: /cuestion
[2025-02-06 12:09:43] Ruta no definida: /cues
[2025-02-06 12:10:42] Ruta no definida: /cuestio
[2025-02-06 12:12:36] Ruta no definida: /cuesti
[2025-02-06 12:20:12] Ruta no definida: /cuestio
[2025-02-06 12:21:11] Ruta no definida: /cuestion
[2025-02-06 12:23:33] Ruta no definida: /cuestio
[2025-02-06 12:24:48] Ruta no definida: /cuestio
[2025-02-06 12:26:21] Ruta no definida: /cuestion
[2025-02-06 12:27:10] Ruta no definida: /cuestio
[2025-02-06 12:29:58] Ruta no definida: /cuestion
[2025-02-06 12:30:20] Ruta no definida: /cuestio
[2025-02-06 12:30:34] Ruta no definida: /cuestionar
[2025-02-06 12:33:30] Ruta no definida: /cuestion
[2025-02-06 12:39:07] Ruta no definida: /cuestion
[2025-02-06 12:40:13] Ruta no definida: /cu
[2025-02-06 12:42:42] Ruta no definida: /cue
[2025-02-06 12:45:47] Ruta no definida: /cuestionari
[2025-02-06 12:46:42] Ruta no definida: /cuesti
[2025-02-06 12:47:50] Ruta no definida: /cuestion
[2025-02-06 12:50:22] Ruta no definida: /cuestiona
[2025-02-06 12:54:27] Ruta no definida: /cuesti
[2025-02-06 12:58:44] Ruta no definida: /cuestion
[2025-02-06 13:07:02] Ruta no definida: /cuestio
[2025-02-06 13:08:31] Ruta no definida: /cuesti
[2025-02-06 13:09:17] Ruta no definida: /cuestion
[2025-02-06 13:16:19] Ruta no definida: /cuestion
[2025-02-06 13:20:26] Ruta no definida: /cuesti
[2025-02-06 13:22:03] Ruta no definida: /cuest
[2025-02-06 13:23:16] Ruta no definida: /cuestion
[2025-02-06 13:24:15] Ruta no definida: /cuestiona
[2025-02-06 13:25:29] Ruta no definida: /cuestion
[2025-02-06 13:25:54] Ruta no definida: /cuestiona
[2025-02-06 13:39:32] Ruta no definida: /cuestion
[2025-02-06 13:53:02] Ruta no definida: /cuest
[2025-02-06 13:56:04] Ruta no definida: /cuesti
[2025-02-06 14:09:55] Ruta no definida: /cuestio
[2025-02-06 14:19:26] Ruta no definida: /cuest
[2025-02-06 14:20:56] Ruta no definida: /cuestio
[2025-02-06 14:32:01] Ruta no definida: /cuestiona
[2025-02-06 14:34:44] Ruta no definida: /cues
[2025-02-06 14:35:06] Ruta no definida: /cuestio
[2025-02-06 14:35:18] Ruta no definida: /cuest
[2025-02-06 14:35:51] Ruta no definida: /cuestiona
[2025-02-06 14:35:58] Ruta no definida: /cuest
[2025-02-06 14:36:00] Ruta no definida: /cuest
[2025-02-07 08:37:52] Ruta no definida: /cuesti
[2025-02-07 08:45:07] Ruta no definida: /cuestiona
[2025-02-07 08:45:13] Ruta no definida: /cuesti
[2025-02-07 08:50:08] Ruta no definida: /cuestio
[2025-02-07 08:50:54] Ruta no definida: /c
[2025-02-07 08:53:36] Ruta no definida: /cuestio
[2025-02-07 08:53:59] Ruta no definida: /cuestio
[2025-02-07 08:54:04] Ruta no definida: /cuestio
[2025-02-07 08:54:20] Ruta no definida: /cuestiona
[2025-02-07 08:54:35] Ruta no definida: /cue
[2025-02-07 08:54:47] Ruta no definida: /cuestion
[2025-02-07 08:56:31] Ruta no definida: /cuest
[2025-02-07 08:58:03] Ruta no definida: /cuestion
[2025-02-07 08:59:35] Ruta no definida: /cuestionari
[2025-02-07 09:09:44] Ruta no definida: /cuestion
[2025-02-07 09:10:57] Ruta no definida: /cuestion
[2025-02-07 09:11:09] Ruta no definida: /cuestio
[2025-02-07 09:11:22] Ruta no definida: /cuestio
[2025-02-07 09:15:36] Ruta no definida: /cuesti
[2025-02-07 09:16:01] Ruta no definida: /cuestio
[2025-02-07 09:17:15] Ruta no definida: /cuestio
[2025-02-07 09:21:02] Ruta no definida: /cuesti
[2025-02-07 09:21:17] Ruta no definida: /cuestiona
[2025-02-07 09:23:01] Ruta no definida: /cuestiona
[2025-02-07 09:24:22] Ruta no definida: /cues
[2025-02-07 09:24:41] Ruta no definida: /cuestio
[2025-02-07 10:04:12] Ruta no definida: /cuestiona
[2025-02-07 10:07:20] Ruta no definida: /cuesti
[2025-02-07 10:38:19] Ruta no definida: /cuestion
[2025-02-07 10:38:25] Ruta no definida: /cuestion
[2025-02-07 10:41:07] Ruta no definida: /cuestion
[2025-02-07 10:42:03] Ruta no definida: /cuestion
[2025-02-07 10:54:49] Ruta no definida: /cuestio
[2025-02-07 10:55:39] Ruta no definida: /cue
[2025-02-07 11:01:35] Ruta no definida: /cuest
[2025-02-07 11:01:46] Ruta no definida: /cu
[2025-02-07 11:03:23] Ruta no definida: /cuestion
[2025-02-07 11:05:25] Ruta no definida: /cuestio
[2025-02-07 11:05:53] Ruta no definida: /cuestionar
[2025-02-07 11:06:03] Ruta no definida: /cuestiona
[2025-02-07 11:08:03] Ruta no definida: /cuestionar
[2025-02-07 11:08:54] Ruta no definida: /cuesti
[2025-02-07 11:14:37] Ruta no definida: /en
[2025-02-07 11:14:48] Ruta no definida: /cues
[2025-02-07 11:20:45] Ruta no definida: /cuesti
[2025-02-07 11:21:41] Ruta no definida: /cuestio
[2025-02-07 11:24:14] Ruta no definida: /cuestio
[2025-02-07 11:26:33] Ruta no definida: /cuestio
[2025-02-07 11:33:06] Ruta no definida: /cue
[2025-02-07 11:33:36] Ruta no definida: /cuestiona
[2025-02-07 11:36:59] Ruta no definida: /cuestio
[2025-02-07 11:41:45] Ruta no definida: /cuestion
[2025-02-07 11:43:48] Ruta no definida: /cuestion
[2025-02-07 11:44:36] Ruta no definida: /cuestiona
[2025-02-07 11:44:42] Ruta no definida: /cuesti
[2025-02-07 11:49:33] Ruta no definida: /cuest
[2025-02-07 11:57:48] Ruta no definida: /cuestio
[2025-02-07 12:11:23] Ruta no definida: /cuest
[2025-02-07 12:12:58] Ruta no definida: /cue
[2025-02-07 12:26:16] Ruta no definida: /cuestion
[2025-02-07 12:26:32] Ruta no definida: /cuestion
[2025-02-07 12:28:42] Ruta no definida: /cuestiona
[2025-02-07 12:40:08] Ruta no definida: /cuestion
[2025-02-07 12:41:17] Ruta no definida: /cue
[2025-02-07 12:49:35] Ruta no definida: /cuestio
[2025-02-07 12:52:25] Ruta no definida: /cuestion
[2025-02-07 12:55:38] Ruta no definida: /cuestion
[2025-02-07 13:00:26] Ruta no definida: /cuestion
[2025-02-07 13:04:12] Ruta no definida: /cuestio
[2025-02-07 13:05:23] Ruta no definida: /cuestiona
[2025-02-07 13:06:37] Ruta no definida: /cuestio
[2025-02-07 13:09:30] Ruta no definida: /cu
[2025-02-07 13:09:42] Ruta no definida: /cuestio
[2025-02-07 13:17:36] Ruta no definida: /cuesti
[2025-02-10 09:14:47] Ruta no definida: /cuestion
[2025-02-10 09:25:49] Ruta no definida: /cuesti
[2025-02-10 09:31:06] Ruta no definida: /cue
[2025-02-10 09:32:02] Ruta no definida: /cuestion
[2025-02-10 09:33:22] Ruta no definida: /cuestionar
[2025-02-10 09:33:27] Ruta no definida: /cuest
[2025-02-10 09:40:58] Ruta no definida: /cuestiona
[2025-02-10 09:42:51] Ruta no definida: /cuestio
[2025-02-10 09:44:04] Ruta no definida: /cuest
[2025-02-10 09:51:59] Ruta no definida: /cuestion
[2025-02-10 09:53:09] Ruta no definida: /cue
[2025-02-10 11:01:16] Ruta no definida: /cuestionar
[2025-02-10 11:09:53] Ruta no definida: /cuestio
[2025-02-10 11:13:49] Ruta no definida: /cuestio
[2025-02-10 11:17:02] Ruta no definida: /cuestio
[2025-02-10 13:56:47] Ruta no definida: /cue
[2025-02-11 09:56:17] Ruta no definida: /public/inicio
[2025-02-11 09:57:01] Ruta no definida: /public/inicio
[2025-02-11 09:57:06] Ruta no definida: /public/inicio
[2025-02-11 09:57:09] Ruta no definida: /public/inicio
[2025-02-11 09:57:29] Ruta no definida: /public/inicio
[2025-02-11 09:57:31] Ruta no definida: /public/inicio
[2025-02-11 10:54:53] Ruta no definida: /Version2.0/inicio
[2025-02-11 10:55:06] Ruta no definida: /Version2.0/inicio
[2025-02-11 10:55:32] Ruta no definida: /Version2.0/inicio
[2025-02-11 10:55:33] Ruta no definida: /Version2.0/inicio
[2025-02-11 10:55:33] Ruta no definida: /Version2.0/inicio
[2025-02-11 10:55:37] Ruta no definida: /Version2.0/inicio
[2025-02-11 10:56:00] Ruta no definida: /Version2.0/inicio
[2025-02-11 10:56:01] Ruta no definida: /Version2.0/inicio
[2025-02-11 10:56:01] Ruta no definida: /Version2.0/inicio
[2025-02-11 10:56:30] Ruta no definida: /Version2.0/inicio
[2025-02-11 10:56:34] Ruta no definida: /Version2.0/inicio
[2025-02-11 10:56:35] Ruta no definida: /Version2.0/inicio
[2025-02-11 10:56:35] Ruta no definida: /Version2.0/inicio
[2025-02-11 10:56:43] Ruta no definida: /Version2.0/inicio
[2025-02-11 10:56:47] Ruta no definida: /Version2.0/privacidad
[2025-02-11 10:57:14] Ruta no definida: /Version2.0/privacidad
[2025-02-11 10:57:14] Ruta no definida: /Version2.0/privacidad
[2025-02-11 10:57:16] Ruta no definida: /Version2.0/inicio
[2025-02-11 10:58:00] Ruta no definida: /Version2.0/inicio
[2025-02-11 10:58:00] Ruta no definida: /Version2.0/inicio
[2025-02-11 10:58:01] Ruta no definida: /Version2.0/inicio
[2025-02-11 10:58:02] Ruta no definida: /Version2.0/inicio
[2025-02-11 10:58:02] Ruta no definida: /Version2.0/inicio
[2025-02-11 10:58:31] Ruta no definida: /Version2.0/inicio
[2025-02-11 10:58:31] Ruta no definida: /Version2.0/inicio
[2025-02-11 10:58:31] Ruta no definida: /Version2.0/inicio
[2025-02-11 10:58:42] Ruta no definida: /Version2.0/inicio
[2025-02-11 10:58:42] Ruta no definida: /Version2.0/inicio
[2025-02-11 10:58:42] Ruta no definida: /Version2.0/inicio
[2025-02-11 10:58:57] Ruta no definida: /Version2.0/inicio
[2025-02-11 10:58:58] Ruta no definida: /Version2.0/inicio
[2025-02-11 10:58:58] Ruta no definida: /Version2.0/inicio
[2025-02-11 10:59:04] Ruta no definida: /Version2.0/inicio
[2025-02-11 10:59:27] Ruta no definida: /Version2.0/inicio
[2025-02-11 10:59:27] Ruta no definida: /Version2.0/inicio
[2025-02-11 10:59:28] Ruta no definida: /Version2.0/inicio
[2025-02-11 10:59:28] Ruta no definida: /Version2.0/inicio
[2025-02-11 10:59:43] Ruta no definida: /Version2.0/inicio
[2025-02-11 10:59:44] Ruta no definida: /Version2.0/inicio
[2025-02-11 10:59:44] Ruta no definida: /Version2.0/inicio
[2025-02-11 10:59:44] Ruta no definida: /Version2.0/inicio
[2025-02-11 10:59:44] Ruta no definida: /Version2.0/inicio
[2025-02-11 10:59:48] Ruta no definida: /Version2.0/inicio.php
[2025-02-11 10:59:50] Ruta no definida: /Version2.0/inicio.php
[2025-02-11 10:59:50] Ruta no definida: /Version2.0/inicio
[2025-02-11 10:59:51] Ruta no definida: /Version2.0/inicio
[2025-02-11 11:00:38] Ruta no definida: /Version2.0/inicio
[2025-02-11 11:00:39] Ruta no definida: /Version2.0/inicio
[2025-02-11 11:00:40] Ruta no definida: /Version2.0/inicio
[2025-02-11 11:00:40] Ruta no definida: /Version2.0/inicio
[2025-02-11 11:00:45] Archivo no encontrado: C:\xampp\htdocs\Version2.0\routes/.././../views/landing/home.php
[2025-02-11 11:00:45] Archivo no encontrado: C:\xampp\htdocs\Version2.0\routes/.././../views/landing/home.php
[2025-02-11 11:00:45] Archivo no encontrado: C:\xampp\htdocs\Version2.0\routes/.././../views/landing/home.php
[2025-02-11 11:00:45] Archivo no encontrado: C:\xampp\htdocs\Version2.0\routes/.././../views/landing/home.php
[2025-02-11 11:00:46] Archivo no encontrado: C:\xampp\htdocs\Version2.0\routes/.././../views/landing/home.php
[2025-02-11 11:00:46] Archivo no encontrado: C:\xampp\htdocs\Version2.0\routes/.././../views/landing/home.php
[2025-02-11 11:00:59] Archivo no encontrado: C:\xampp\htdocs\Version2.0\routes/.././../views/landing/home.php
[2025-02-11 11:01:02] Archivo no encontrado: C:\xampp\htdocs\Version2.0\routes/.././../views/landing/home.php
[2025-02-11 11:01:07] Archivo no encontrado: C:\xampp\htdocs\Version2.0\routes/.././../views/landing/home.php
[2025-02-11 11:01:07] Archivo no encontrado: C:\xampp\htdocs\Version2.0\routes/.././../views/landing/home.php
[2025-02-11 11:01:08] Archivo no encontrado: C:\xampp\htdocs\Version2.0\routes/.././../views/landing/home.php
[2025-02-11 11:03:29] Archivo no encontrado: C:\xampp\htdocs\Version2.0\routes/.././../views/landing/home.php
[2025-02-11 11:03:55] Archivo no encontrado: C:\xampp\htdocs\Version2.0\routes./../views/landing/home.php
[2025-02-11 11:03:55] Archivo no encontrado: C:\xampp\htdocs\Version2.0\routes./../views/landing/home.php
[2025-02-11 11:03:56] Archivo no encontrado: C:\xampp\htdocs\Version2.0\routes./../views/landing/home.php
[2025-02-11 11:03:56] Archivo no encontrado: C:\xampp\htdocs\Version2.0\routes./../views/landing/home.php
[2025-02-11 11:03:57] Archivo no encontrado: C:\xampp\htdocs\Version2.0\routes./../views/landing/home.php
[2025-02-11 11:04:22] Archivo no encontrado: C:\xampp\htdocs\Version2.0\routes/.././../views/landing/home.php
[2025-02-11 11:05:32] Archivo no encontrado: C:\xampp\htdocs\Version2.0\routes/.././../views/landing/home.php
[2025-02-11 11:05:32] Archivo no encontrado: C:\xampp\htdocs\Version2.0\routes/.././../views/landing/home.php
[2025-02-11 11:05:33] Archivo no encontrado: C:\xampp\htdocs\Version2.0\routes/.././../views/landing/home.php
[2025-02-11 11:05:33] Archivo no encontrado: C:\xampp\htdocs\Version2.0\routes/.././../views/landing/home.php
[2025-02-11 11:05:33] Archivo no encontrado: C:\xampp\htdocs\Version2.0\routes/.././../views/landing/home.php
[2025-02-11 11:06:48] Archivo no encontrado: C:\xampp\htdocs\Version2.0\routes/.././../views/landing/home.php
[2025-02-11 11:06:49] Archivo no encontrado: C:\xampp\htdocs\Version2.0\routes/.././../views/landing/home.php
[2025-02-11 11:06:49] Archivo no encontrado: C:\xampp\htdocs\Version2.0\routes/.././../views/landing/home.php
[2025-02-11 11:06:49] Archivo no encontrado: C:\xampp\htdocs\Version2.0\routes/.././../views/landing/home.php
[2025-02-11 11:06:50] Archivo no encontrado: C:\xampp\htdocs\Version2.0\routes/.././../views/landing/home.php
[2025-02-11 11:06:50] Archivo no encontrado: C:\xampp\htdocs\Version2.0\routes/.././../views/landing/home.php
[2025-02-11 11:06:58] Ruta no definida: /img/2.png
[2025-02-11 11:07:32] Ruta no definida: /img/2.png
[2025-02-11 11:08:06] Ruta no definida: /img/2.png
[2025-02-11 11:08:39] Ruta no definida: /img/2.png
[2025-02-11 11:09:35] Ruta no definida: /img/2.png
[2025-02-11 11:10:32] Ruta no definida: /img/2.png
[2025-02-11 11:10:34] Ruta no definida: /img/2.png
[2025-02-11 11:10:34] Ruta no definida: /img/2.png
[2025-02-11 11:10:37] Ruta no definida: /img/2.png
[2025-02-11 11:10:37] Ruta no definida: /img/2.png
[2025-02-11 11:10:38] Ruta no definida: /img/2.png
[2025-02-11 11:10:48] Ruta no definida: /img/2.png
[2025-02-11 11:10:56] Ruta no definida: /img/2.png
[2025-02-11 11:11:19] Ruta no definida: /img/2.png
[2025-02-11 11:11:20] Ruta no definida: /img/2.png
[2025-02-11 11:11:55] Ruta no definida: /img/2.png
[2025-02-11 11:11:56] Ruta no definida: /img/2.png
[2025-02-11 11:12:06] Ruta no definida: /img/2.png
[2025-02-11 11:12:09] Ruta no definida: /img/2.png
[2025-02-11 11:12:15] Ruta no definida: /img/2.png
[2025-02-11 11:12:15] Ruta no definida: /img/2.png
[2025-02-11 11:12:16] Ruta no definida: /img/2.png
[2025-02-11 11:12:25] Ruta no definida: /img/2.png
[2025-02-11 11:12:37] Ruta no definida: /img/2.png
[2025-02-11 11:13:13] Ruta no definida: /img/2.png
[2025-02-11 11:14:01] Ruta no definida: /img/2.png
[2025-02-11 11:14:02] Ruta no definida: /img/2.png
[2025-02-11 11:16:58] Ruta no definida: /img/2.png
[2025-02-11 11:17:23] Ruta no definida: /img/2.png
[2025-02-11 11:17:27] Ruta no definida: /img/2.png
[2025-02-11 11:17:39] Ruta no definida: /img/2.png
[2025-02-11 11:17:40] Ruta no definida: /img/2.png
[2025-02-11 11:18:44] Ruta no definida: /img/2.png
[2025-02-11 11:18:45] Ruta no definida: /img/2.png
[2025-02-11 11:18:45] Ruta no definida: /img/2.png
[2025-02-11 11:18:58] Ruta no definida: /img/2.png
[2025-02-11 11:18:58] Ruta no definida: /img/2.png
[2025-02-11 11:19:08] Ruta no definida: /img/2.png
[2025-02-11 11:19:09] Ruta no definida: /img/2.png
[2025-02-11 11:19:09] Ruta no definida: /img/2.png
[2025-02-11 11:19:09] Ruta no definida: /img/2.png
[2025-02-11 11:19:10] Ruta no definida: /img/2.png
[2025-02-11 11:19:38] Ruta no definida: /img/2.png
[2025-02-11 11:19:39] Ruta no definida: /img/2.png
[2025-02-11 11:19:39] Ruta no definida: /img/2.png
[2025-02-11 11:21:09] Ruta no definida: /img/2.png
[2025-02-11 11:21:40] Ruta no definida: /img/2.png
[2025-02-11 11:21:43] Ruta no definida: /img/2.png
[2025-02-11 11:21:44] Ruta no definida: /img/2.png
[2025-02-11 11:22:05] Ruta no definida: /img/2.png
[2025-02-11 11:22:05] Ruta no definida: /img/2.png
[2025-02-11 11:22:06] Ruta no definida: /img/2.png
[2025-02-11 11:22:07] Ruta no definida: /img/2.png
[2025-02-11 11:22:08] Ruta no definida: /img/2.png
[2025-02-11 11:22:25] Ruta no definida: /img/2.png
[2025-02-11 11:22:44] Ruta no definida: /img/2.png
[2025-02-11 11:23:41] Ruta no definida: /img/2.png
[2025-02-11 11:25:10] Ruta no definida: /2.png
[2025-02-11 11:25:11] Ruta no definida: /2.png
[2025-02-11 11:30:53] Archivo no encontrado: C:\xampp\htdocs\Version2.0\routes/.././../views/landing/home.php
[2025-02-11 11:31:05] Archivo no encontrado: C:\xampp\htdocs\Version2.0\routes/.././../views/landing/home.php
[2025-02-11 11:31:06] Archivo no encontrado: C:\xampp\htdocs\Version2.0\routes/.././../views/landing/home.php
[2025-02-11 11:31:20] Archivo no encontrado: C:\xampp\htdocs\Version2.0\routes/.././../views/landing/home.php
[2025-02-11 11:31:20] Archivo no encontrado: C:\xampp\htdocs\Version2.0\routes/.././../views/landing/home.php
[2025-02-11 11:31:31] Archivo no encontrado: C:\xampp\htdocs\Version2.0\routes/.././../views/landing/home.php
[2025-02-11 11:31:32] Archivo no encontrado: C:\xampp\htdocs\Version2.0\routes/.././../views/landing/home.php
[2025-02-11 11:31:32] Archivo no encontrado: C:\xampp\htdocs\Version2.0\routes/.././../views/landing/home.php
[2025-02-11 11:31:32] Archivo no encontrado: C:\xampp\htdocs\Version2.0\routes/.././../views/landing/home.php
[2025-02-11 11:31:33] Archivo no encontrado: C:\xampp\htdocs\Version2.0\routes/.././../views/landing/home.php
[2025-02-11 11:31:33] Archivo no encontrado: C:\xampp\htdocs\Version2.0\routes/.././../views/landing/home.php
[2025-02-11 11:31:34] Archivo no encontrado: C:\xampp\htdocs\Version2.0\routes/.././../views/landing/home.php
[2025-02-11 11:31:36] Archivo no encontrado: C:\xampp\htdocs\Version2.0\routes/.././../views/landing/home.php
[2025-02-11 11:31:37] Archivo no encontrado: C:\xampp\htdocs\Version2.0\routes/.././../views/landing/home.php
[2025-02-11 11:32:11] Archivo no encontrado: C:\xampp\htdocs\Version2.0\routes/.././../views/landing/home.php
[2025-02-11 11:32:12] Archivo no encontrado: C:\xampp\htdocs\Version2.0\routes/.././../views/landing/home.php
[2025-02-11 11:32:13] Archivo no encontrado: C:\xampp\htdocs\Version2.0\routes/.././../views/landing/home.php
[2025-02-11 11:32:13] Archivo no encontrado: C:\xampp\htdocs\Version2.0\routes/.././../views/landing/home.php
[2025-02-11 11:32:13] Archivo no encontrado: C:\xampp\htdocs\Version2.0\routes/.././../views/landing/home.php
[2025-02-11 11:32:13] Archivo no encontrado: C:\xampp\htdocs\Version2.0\routes/.././../views/landing/home.php
[2025-02-11 11:32:13] Archivo no encontrado: C:\xampp\htdocs\Version2.0\routes/.././../views/landing/home.php
[2025-02-11 11:32:14] Archivo no encontrado: C:\xampp\htdocs\Version2.0\routes/.././../views/landing/home.php
[2025-02-11 11:32:18] Ruta no definida: /home
[2025-02-11 11:32:22] Ruta no definida: /home.php
[2025-02-11 11:32:29] Ruta no definida: /survey/landing/home.php
[2025-02-11 11:32:43] Ruta no definida: /views/survey/landing/home.php
[2025-02-11 11:32:45] Ruta no definida: /views/survey/landing/home.php
[2025-02-11 11:32:55] Ruta no definida: /views/landing/inicio
[2025-02-11 11:32:59] Archivo no encontrado: C:\xampp\htdocs\Version2.0\routes/.././../views/landing/home.php
[2025-02-11 11:34:14] Ruta no definida: /version2.0/inicio
[2025-02-11 11:34:23] Ruta no definida: /version2.0/inicio
[2025-02-11 11:34:23] Ruta no definida: /version2.0/inicio
[2025-02-11 11:34:23] Ruta no definida: /version2.0/inicio
[2025-02-11 11:34:24] Ruta no definida: /version2.0/inicio
[2025-02-11 11:34:24] Ruta no definida: /version2.0/inicio
[2025-02-11 11:34:24] Ruta no definida: /version2.0/inicio
[2025-02-11 11:34:24] Ruta no definida: /version2.0/inicio
[2025-02-11 11:34:25] Ruta no definida: /version2.0/inicio
[2025-02-11 11:35:23] Ruta no definida: /version2.0/inicio
[2025-02-11 11:35:23] Ruta no definida: /version2.0/inicio
[2025-02-11 11:35:23] Ruta no definida: /version2.0/inicio
[2025-02-11 11:35:24] Ruta no definida: /version2.0/inicio
[2025-02-11 11:35:24] Ruta no definida: /version2.0/inicio
[2025-02-11 11:35:24] Ruta no definida: /version2.0/inicio
[2025-02-11 11:35:24] Ruta no definida: /version2.0/inicio
[2025-02-11 11:35:24] Ruta no definida: /version2.0/inicio
[2025-02-11 11:35:24] Ruta no definida: /version2.0/inicio
[2025-02-11 11:35:24] Ruta no definida: /version2.0/inicio
[2025-02-11 11:35:25] Ruta no definida: /version2.0/inicio
[2025-02-11 11:35:25] Ruta no definida: /version2.0/inicio
[2025-02-11 11:35:25] Ruta no definida: /version2.0/inicio
[2025-02-11 11:35:25] Ruta no definida: /version2.0/inicio
[2025-02-11 11:35:25] Ruta no definida: /version2.0/inicio
[2025-02-11 11:35:26] Ruta no definida: /version2.0/inicio
[2025-02-11 11:36:23] Ruta no definida: /version2.0/inicio
[2025-02-11 11:36:24] Ruta no definida: /version2.0/inicio
[2025-02-11 11:36:24] Ruta no definida: /version2.0/inicio
[2025-02-11 11:36:24] Ruta no definida: /version2.0/inicio
[2025-02-11 11:36:24] Ruta no definida: /version2.0/inicio
[2025-02-11 11:36:51] Ruta no definida: /version2.0/inicio
[2025-02-11 11:36:52] Ruta no definida: /version2.0/inicio
[2025-02-11 11:36:52] Ruta no definida: /version2.0/inicio
[2025-02-11 11:36:52] Ruta no definida: /version2.0/inicio
[2025-02-11 11:37:08] Ruta no definida: /version2.0/inicio
[2025-02-11 11:37:10] Ruta no definida: /version2.0/
[2025-02-11 11:37:12] Ruta no definida: /version2.0/
[2025-02-11 11:37:13] Ruta no definida: /version2.0/inicio
[2025-02-11 11:37:19] Ruta no definida: /version2.0/faq
[2025-02-11 11:37:38] Ruta no definida: /version2.0/faq
[2025-02-11 11:37:38] Ruta no definida: /version2.0/faq
[2025-02-11 11:37:39] Ruta no definida: /version2.0/inicio
[2025-02-11 11:37:49] Ruta no definida: /version2.0/privacidad
[2025-02-11 11:38:02] Ruta no definida: /version2.0/privacidad
[2025-02-11 11:38:03] Ruta no definida: /version2.0/privacidad
[2025-02-11 11:38:03] Ruta no definida: /version2.0/privacidad
[2025-02-11 11:38:03] Ruta no definida: /version2.0/privacidad
[2025-02-11 11:38:03] Ruta no definida: /version2.0/privacidad
[2025-02-11 11:38:03] Ruta no definida: /version2.0/privacidad
[2025-02-11 11:38:04] Ruta no definida: /version2.0/privacidad
[2025-02-11 11:38:04] Ruta no definida: /version2.0/privacidad
[2025-02-11 11:38:04] Ruta no definida: /version2.0/privacidad
[2025-02-11 11:38:04] Ruta no definida: /version2.0/privacidad
[2025-02-11 11:38:08] Ruta no definida: /version2.0/privacidad
[2025-02-11 11:38:09] Ruta no definida: /version2.0/privacidad
[2025-02-11 11:38:09] Ruta no definida: /version2.0/privacidad
[2025-02-11 11:38:16] Ruta no definida: /version2.0/privacidad
[2025-02-11 11:38:16] Ruta no definida: /version2.0/privacidad
[2025-02-11 11:38:20] Ruta no definida: /version2.0/privacidad
[2025-02-11 11:38:21] Ruta no definida: /version2.0/privacidad
[2025-02-11 11:38:21] Ruta no definida: /version2.0/privacidad
[2025-02-11 11:38:21] Ruta no definida: /version2.0/privacidad
[2025-02-11 11:38:21] Ruta no definida: /version2.0/privacidad
[2025-02-11 11:38:21] Ruta no definida: /version2.0/privacidad
[2025-02-11 11:38:22] Ruta no definida: /version2.0/privacidad
[2025-02-11 11:38:23] Ruta no definida: /version2.0/privacidad
[2025-02-11 11:38:23] Ruta no definida: /version2.0/privacidad
[2025-02-11 11:38:23] Ruta no definida: /version2.0/privacidad
[2025-02-11 11:38:23] Ruta no definida: /version2.0/privacidad
[2025-02-11 11:38:24] Ruta no definida: /version2.0/privacidad
[2025-02-11 11:38:24] Ruta no definida: /version2.0/privacidad
[2025-02-11 11:38:24] Ruta no definida: /version2.0/privacidad
[2025-02-11 11:38:24] Ruta no definida: /version2.0/privacidad
[2025-02-11 11:38:24] Ruta no definida: /version2.0/privacidad
[2025-02-11 11:38:30] Ruta no definida: /version2.0/privacidad
[2025-02-11 11:38:38] Ruta no definida: /version2.0/privacy.php
[2025-02-11 11:38:41] Ruta no definida: /version2.0/privacidad
[2025-02-11 11:39:14] Ruta no definida: /version2.0/privacidad
[2025-02-11 11:39:14] Ruta no definida: /version2.0/privacidad
[2025-02-11 11:39:53] Archivo no encontrado: C:\xampp\htdocs\Version2.0\routes/.././../views/landing/home.php
[2025-02-11 11:40:01] Ruta no definida: /version2.0/inicio
[2025-02-11 11:40:05] Ruta no definida: /version2.0/faq
[2025-02-11 11:43:31] Archivo no encontrado: C:\xampp\htdocs\Version2.0\routes/.././../views/landing/home.php
[2025-02-11 11:43:32] Archivo no encontrado: C:\xampp\htdocs\Version2.0\routes/.././../views/landing/home.php
[2025-02-11 11:43:33] Ruta no definida: /Version2.0/inicio
[2025-02-11 11:43:34] Ruta no definida: /Version2.0/inicio
[2025-02-11 11:43:34] Ruta no definida: /Version2.0/inicio
[2025-02-11 11:44:19] Ruta no definida: /Version2.0/inicio
[2025-02-11 11:44:51] Ruta no definida: /Version2.0/inicio
[2025-02-11 11:44:51] Ruta no definida: /Version2.0/inicio
[2025-02-11 11:44:51] Ruta no definida: /Version2.0/inicio
[2025-02-11 11:44:52] Ruta no definida: /Version2.0/inicio
[2025-02-11 11:44:52] Ruta no definida: /Version2.0/inicio
[2025-02-11 11:44:52] Ruta no definida: /Version2.0/inicio
[2025-02-11 11:44:52] Ruta no definida: /Version2.0/inicio
[2025-02-11 11:44:52] Ruta no definida: /Version2.0/inicio
[2025-02-11 11:44:53] Ruta no definida: /Version2.0/inicio
[2025-02-11 11:44:53] Ruta no definida: /Version2.0/inicio
[2025-02-11 11:44:58] Ruta no definida: /Version2.0/inicio
[2025-02-11 11:45:14] Ruta no definida: /Version2.0/inicio
[2025-02-11 11:45:14] Ruta no definida: /Version2.0/inicio
[2025-02-11 11:45:15] Ruta no definida: /Version2.0/inicio
[2025-02-11 11:45:15] Ruta no definida: /Version2.0/inicio
[2025-02-11 11:45:19] Ruta no definida: /Version2.0/inicio
[2025-02-11 11:45:19] Ruta no definida: /Version2.0/inicio
[2025-02-11 11:45:19] Ruta no definida: /Version2.0/inicio
[2025-02-11 11:45:19] Ruta no definida: /Version2.0/inicio
[2025-02-11 11:45:20] Ruta no definida: /Version2.0/inicio
[2025-02-11 11:45:20] Ruta no definida: /Version2.0/inicio
[2025-02-11 11:45:20] Ruta no definida: /Version2.0/inicio
[2025-02-11 11:45:21] Ruta no definida: /Version2.0/inicio
[2025-02-11 11:45:21] Ruta no definida: /Version2.0/inicio
[2025-02-11 11:45:21] Ruta no definida: /Version2.0/inicio
[2025-02-11 11:45:21] Ruta no definida: /Version2.0/inicio
[2025-02-11 11:45:29] Ruta no definida: /Version2.0/inicio
[2025-02-11 11:45:29] Ruta no definida: /Version2.0/inicio
[2025-02-11 11:45:29] Ruta no definida: /Version2.0/inicio
[2025-02-11 11:45:30] Ruta no definida: /Version2.0/inicio
[2025-02-11 11:45:30] Ruta no definida: /Version2.0/inicio
[2025-02-11 11:45:30] Ruta no definida: /Version2.0/inicio
[2025-02-11 11:45:30] Ruta no definida: /Version2.0/inicio
[2025-02-11 11:45:30] Ruta no definida: /Version2.0/inicio
[2025-02-11 11:45:30] Ruta no definida: /Version2.0/inicio
[2025-02-11 11:45:35] Ruta no definida: /Version2.0/inicio
[2025-02-11 11:45:36] Ruta no definida: /Version2.0/inicio
[2025-02-11 11:45:36] Ruta no definida: /Version2.0/inicio
[2025-02-11 11:45:36] Ruta no definida: /Version2.0/inicio
[2025-02-11 11:45:36] Ruta no definida: /Version2.0/inicio
[2025-02-11 11:45:41] Ruta no definida: /Version2.0/inicio
[2025-02-11 11:45:41] Ruta no definida: /Version2.0/inicio
[2025-02-11 11:45:41] Ruta no definida: /Version2.0/inicio
[2025-02-11 11:45:42] Ruta no definida: /Version2.0/inicio
[2025-02-11 11:45:42] Ruta no definida: /Version2.0/inicio
[2025-02-11 11:45:42] Ruta no definida: /Version2.0/inicio
[2025-02-11 11:45:42] Ruta no definida: /Version2.0/inicio
[2025-02-11 11:45:42] Ruta no definida: /Version2.0/inicio
[2025-02-11 11:45:42] Ruta no definida: /Version2.0/inicio
[2025-02-11 11:46:08] Ruta no definida: /Version2.0/inicio
[2025-02-11 11:46:08] Ruta no definida: /Version2.0/inicio
[2025-02-11 11:46:08] Ruta no definida: /Version2.0/inicio
[2025-02-11 11:46:09] Ruta no definida: /Version2.0/inicio
[2025-02-11 11:46:27] Ruta no definida: /Version2.0/inicio
[2025-02-11 11:46:28] Ruta no definida: /Version2.0/inicio
[2025-02-11 11:46:28] Ruta no definida: /Version2.0/inicio
[2025-02-11 11:46:28] Ruta no definida: /Version2.0/inicio
[2025-02-11 11:46:29] Ruta no definida: /Version2.0/inicio
[2025-02-11 11:46:49] Ruta no definida: /Version2.0/inicio
[2025-02-11 11:46:50] Ruta no definida: /Version2.0/inicio
[2025-02-11 11:46:50] Ruta no definida: /Version2.0/inicio
[2025-02-11 11:46:50] Ruta no definida: /Version2.0/inicio
[2025-02-11 11:46:50] Ruta no definida: /Version2.0/inicio
[2025-02-11 11:46:50] Ruta no definida: /Version2.0/inicio
[2025-02-11 11:46:51] Ruta no definida: /Version2.0/inicio
[2025-02-11 11:47:00] Ruta no definida: /Version2.0/inicio
[2025-02-11 11:47:00] Ruta no definida: /Version2.0/inicio
[2025-02-11 11:47:00] Ruta no definida: /Version2.0/inicio
[2025-02-11 11:47:01] Ruta no definida: /Version2.0/inicio
[2025-02-11 11:47:01] Ruta no definida: /Version2.0/inicio
[2025-02-11 11:47:01] Ruta no definida: /Version2.0/inicio
[2025-02-11 11:47:01] Ruta no definida: /Version2.0/inicio
[2025-02-11 11:47:01] Ruta no definida: /Version2.0/inicio
[2025-02-11 11:47:02] Ruta no definida: /Version2.0/inicio
[2025-02-11 11:47:02] Ruta no definida: /Version2.0/inicio
[2025-02-11 11:47:02] Ruta no definida: /Version2.0/inicio
[2025-02-11 11:47:19] Ruta no definida: /Version2.0/inicio
[2025-02-11 11:47:21] Ruta no definida: /Version2.0/inicio
[2025-02-11 11:47:45] Ruta no definida: /Version2.0/inicio
[2025-02-11 11:47:46] Ruta no definida: /Version2.0/inicio
[2025-02-11 11:47:54] Ruta no definida: /
[2025-02-11 11:47:55] Ruta no definida: /
[2025-02-11 11:47:55] Ruta no definida: /
[2025-02-11 11:47:55] Ruta no definida: /
[2025-02-11 11:47:55] Ruta no definida: /
[2025-02-11 11:47:56] Ruta no definida: /
[2025-02-11 11:47:56] Ruta no definida: /
[2025-02-11 11:48:57] Archivo no encontrado: C:\xampp\htdocs\Version2.0\routes/.././../views/landing/home.php
[2025-02-11 11:48:59] Archivo no encontrado: C:\xampp\htdocs\Version2.0\routes/.././../views/landing/home.php
[2025-02-11 11:49:01] Archivo no encontrado: C:\xampp\htdocs\Version2.0\routes/.././../views/landing/home.php
[2025-02-11 11:49:21] Archivo no encontrado: C:\xampp\htdocs\Version2.0\routes/..//../views/landing/home.php
[2025-02-11 11:49:22] Archivo no encontrado: C:\xampp\htdocs\Version2.0\routes/..//../views/landing/home.php
[2025-02-11 11:49:22] Archivo no encontrado: C:\xampp\htdocs\Version2.0\routes/..//../views/landing/home.php
[2025-02-11 11:49:24] Archivo no encontrado: C:\xampp\htdocs\Version2.0\routes/../../views/landing/home.php
[2025-02-11 11:49:24] Archivo no encontrado: C:\xampp\htdocs\Version2.0\routes/../../views/landing/home.php
[2025-02-11 11:49:30] Ruta no definida: /Version2.0/inicio
[2025-02-11 11:49:33] Ruta no definida: /Version2.0/inicio
[2025-02-11 11:49:37] Ruta no definida: /Version2.0/inicio
[2025-02-11 11:50:24] Ruta no definida: /Version2.0/inicio
[2025-02-11 11:50:28] Ruta no definida: /Version2.0/inicio
[2025-02-11 11:52:07] Ruta no definida: /Version2.0/inicio
[2025-02-11 11:52:08] Ruta no definida: /Version2.0/inicio
[2025-02-11 11:52:09] Ruta no definida: /Version2.0/inicio
[2025-02-11 11:52:21] Ruta no definida: /Version2.0/inicio
[2025-02-11 11:52:22] Ruta no definida: /Version2.0/inicio
[2025-02-11 11:52:23] Ruta no definida: /Version2.0/inicio
[2025-02-11 11:52:24] Ruta no definida: /Version2.0/inicio
[2025-02-11 11:52:25] Ruta no definida: /Version2.0/inicio
[2025-02-11 11:52:25] Ruta no definida: /Version2.0/inicio
[2025-02-11 11:52:33] Ruta no definida: /Version2.0/inicio
[2025-02-11 11:52:34] Ruta no definida: /Version2.0/inicio
[2025-02-11 11:52:34] Ruta no definida: /Version2.0/inicio
[2025-02-11 11:52:40] Ruta no definida: /Version2.0/inicio
[2025-02-11 11:52:41] Ruta no definida: /Version2.0/inicio
[2025-02-11 11:52:41] Ruta no definida: /Version2.0/inicio
[2025-02-11 11:52:48] Ruta no definida: /Version2.0/inicio
[2025-02-11 11:52:48] Ruta no definida: /Version2.0/inicio
[2025-02-11 11:52:48] Ruta no definida: /Version2.0/inicio
[2025-02-11 11:52:49] Ruta no definida: /Version2.0/inicio
[2025-02-11 11:52:49] Ruta no definida: /Version2.0/inicio
[2025-02-11 11:52:49] Ruta no definida: /Version2.0/inicio
[2025-02-11 11:52:49] Ruta no definida: /Version2.0/inicio
[2025-02-11 11:52:50] Ruta no definida: /Version2.0/inicio
[2025-02-11 11:52:50] Ruta no definida: /Version2.0/inicio
[2025-02-11 11:54:13] Ruta no definida: /Version2.0/inicio
[2025-02-11 11:54:14] Ruta no definida: /Version2.0/inicio
[2025-02-11 11:55:01] Ruta no definida: /Version2.0/inicio
[2025-02-11 11:55:19] Ruta no definida: /Version2.0/inicio
[2025-02-11 11:56:05] Ruta no definida: /Version2.0/informacion
[2025-02-11 11:56:16] Ruta no definida: /Version2.0/informacion
[2025-02-11 11:56:19] Ruta no definida: /Version2.0/encuesta
[2025-02-11 11:56:20] Ruta no definida: /Version2.0/informacion
[2025-02-11 11:56:32] Ruta no definida: /Version2.0/informacion
[2025-02-11 11:56:34] Ruta no definida: /Version2.0/faq
[2025-02-11 11:56:49] Ruta no definida: /Version2.0/faq
[2025-02-11 11:56:50] Ruta no definida: /Version2.0/inicio
[2025-02-11 11:57:00] Ruta no definida: /Version2.0/inicio
[2025-02-11 11:57:06] Ruta no definida: /Version2.0/faq
[2025-02-11 11:57:08] Ruta no definida: /Version2.0/faq
[2025-02-11 11:57:12] Ruta no definida: /Version2.0/faq
[2025-02-11 11:57:13] Ruta no definida: /Version2.0/faq
[2025-02-11 11:57:25] Ruta no definida: /Version2.0/faq
[2025-02-11 11:57:25] Ruta no definida: /Version2.0/faq
[2025-02-11 11:57:26] Ruta no definida: /Version2.0/inicio
[2025-02-11 11:57:27] Ruta no definida: /Version2.0/inicio
[2025-02-11 11:57:27] Ruta no definida: /Version2.0/inicio
[2025-02-11 11:57:27] Ruta no definida: /Version2.0/inicio
[2025-02-11 11:57:27] Ruta no definida: /Version2.0/inicio
[2025-02-11 11:57:28] Ruta no definida: /Version2.0/faq
[2025-02-11 11:57:28] Ruta no definida: /Version2.0/faq
[2025-02-11 11:57:28] Ruta no definida: /Version2.0/faq
[2025-02-11 11:57:29] Ruta no definida: /Version2.0/faq
[2025-02-11 11:57:29] Ruta no definida: /Version2.0/faq
[2025-02-11 11:57:29] Ruta no definida: /Version2.0/faq
[2025-02-11 11:57:29] Ruta no definida: /Version2.0/faq
[2025-02-11 11:57:29] Ruta no definida: /Version2.0/faq
[2025-02-11 11:57:29] Ruta no definida: /Version2.0/faq
[2025-02-11 11:58:02] Ruta no definida: /Version2.0/faq
[2025-02-11 11:58:02] Ruta no definida: /Version2.0/faq
[2025-02-11 11:58:02] Ruta no definida: /Version2.0/faq
[2025-02-11 11:58:02] Ruta no definida: /Version2.0/faq
[2025-02-11 11:58:03] Ruta no definida: /Version2.0/faq
[2025-02-11 11:58:03] Ruta no definida: /Version2.0/faq
[2025-02-11 11:58:03] Ruta no definida: /Version2.0/faq
[2025-02-11 11:58:03] Ruta no definida: /Version2.0/faq
[2025-02-11 11:58:03] Ruta no definida: /Version2.0/faq
[2025-02-11 11:58:03] Ruta no definida: /Version2.0/faq
[2025-02-11 11:58:04] Ruta no definida: /Version2.0/faq
[2025-02-11 11:58:09] Ruta no definida: /Version2.0/faq
[2025-02-11 11:58:44] Ruta no definida: /Version2.0/
[2025-02-11 11:58:46] Ruta no definida: /Version2.0/
[2025-02-11 11:58:47] Ruta no definida: /Version2.0/
[2025-02-11 11:58:47] Ruta no definida: /Version2.0/
[2025-02-11 11:58:48] Ruta no definida: /Version2.0/
[2025-02-11 11:58:48] Ruta no definida: /Version2.0/
[2025-02-11 11:58:52] Ruta no definida: /Version2.0/
[2025-02-11 11:58:53] Ruta no definida: /Version2.0/
[2025-02-11 11:58:53] Ruta no definida: /Version2.0/
[2025-02-11 11:58:53] Ruta no definida: /Version2.0/
[2025-02-11 11:58:53] Ruta no definida: /Version2.0/
[2025-02-11 11:58:58] Ruta no definida: /version2.0/faq
[2025-02-11 11:59:13] Ruta no definida: /version2.0/faq
[2025-02-11 11:59:13] Ruta no definida: /version2.0/faq
[2025-02-11 11:59:14] Ruta no definida: /version2.0/faq
[2025-02-11 11:59:15] Ruta no definida: /Version2.0/
[2025-02-11 11:59:16] Ruta no definida: /Version2.0/inicio
[2025-02-11 11:59:16] Ruta no definida: /Version2.0/inicio
[2025-02-11 11:59:16] Ruta no definida: /Version2.0/inicio
[2025-02-11 11:59:17] Ruta no definida: /Version2.0/inicio
[2025-02-11 11:59:17] Ruta no definida: /Version2.0/inicio
[2025-02-11 11:59:18] Ruta no definida: /Version2.0/
[2025-02-11 11:59:22] Ruta no definida: /version2.0/faq
[2025-02-11 11:59:38] Ruta no definida: /version2.0/faq
[2025-02-11 11:59:40] Ruta no definida: /version2.0/faq
[2025-02-11 11:59:41] Ruta no definida: /version2.0/faq
[2025-02-11 11:59:41] Ruta no definida: /version2.0/faq
[2025-02-11 11:59:41] Ruta no definida: /version2.0/faq
[2025-02-11 12:00:47] Ruta no definida: /version2.0/faq
[2025-02-11 12:00:48] Ruta no definida: /version2.0/faq
[2025-02-11 12:00:49] Ruta no definida: /version2.0/inicio
[2025-02-11 12:00:49] Ruta no definida: /version2.0/inicio
[2025-02-11 12:00:49] Ruta no definida: /version2.0/inicio
[2025-02-11 12:00:50] Ruta no definida: /version2.0/inicio
[2025-02-11 12:01:05] Ruta no definida: /version2.0/inicio
[2025-02-11 12:01:32] Ruta no definida: /version2.0/inicio
[2025-02-11 12:01:33] Ruta no definida: /version2.0/inicio
[2025-02-11 12:03:43] Ruta no definida: /inicio/
[2025-02-11 12:03:50] Ruta no definida: /inicio/
[2025-02-11 12:03:51] Ruta no definida: /inicio/inicio
[2025-02-11 12:03:52] Ruta no definida: /inicio/inicio
[2025-02-11 12:03:52] Ruta no definida: /inicio/inicio
[2025-02-11 12:03:53] Ruta no definida: /inicio/inicio
[2025-02-11 12:03:53] Ruta no definida: /inicio/inicio
[2025-02-11 12:03:53] Ruta no definida: /inicio/inicio
[2025-02-11 12:03:53] Ruta no definida: /inicio/inicio
[2025-02-11 12:03:54] Ruta no definida: /inicio/
[2025-02-11 12:04:20] Ruta no definida: /s
[2025-02-11 12:19:14] Ruta no definida: /yafinalizada
[2025-02-11 12:59:59] Ruta no definida: /cuestiona
[2025-02-11 13:07:41] Ruta no definida: /views/js/admin_variables.js
[2025-02-11 13:07:41] Ruta no definida: /version2.0/public/img/2.png
[2025-02-11 13:07:41] Ruta no definida: /views/style.css
[2025-02-11 13:07:52] Ruta no definida: /version2.0/public/img/2.png
[2025-02-11 13:07:52] Ruta no definida: /views/style.css
[2025-02-11 13:07:52] Ruta no definida: /views/js/admin_variables.js
[2025-02-11 13:07:54] Ruta no definida: /views/style.css
[2025-02-11 13:07:55] Ruta no definida: /views/js/admin_variables.js
[2025-02-11 13:07:55] Ruta no definida: /version2.0/public/img/2.png
[2025-02-11 13:08:03] Ruta no definida: /version2.0/public/img/2.png
[2025-02-11 13:08:03] Ruta no definida: /views/style.css
[2025-02-11 13:08:03] Ruta no definida: /views/js/admin_variables.js
[2025-02-11 13:08:22] Ruta no definida: /version2.0/public/img/2.png
[2025-02-11 13:08:22] Ruta no definida: /views/js/admin_variables.js
[2025-02-11 13:08:22] Ruta no definida: /views/style.css
[2025-02-11 13:10:10] Ruta no definida: /version2.0/public/img/2.png
[2025-02-11 13:10:10] Ruta no definida: /views/style.css
[2025-02-11 13:10:10] Ruta no definida: /views/js/admin_variables.js
[2025-02-11 13:10:17] Ruta no definida: /version2.0/public/img/2.png
[2025-02-11 13:10:17] Ruta no definida: /views/style.css
[2025-02-11 13:10:17] Ruta no definida: /views/js/admin_variables.js
[2025-02-11 13:10:21] Ruta no definida: /version2.0/public/img/2.png
[2025-02-11 13:10:21] Ruta no definida: /views/js/admin_variables.js
[2025-02-11 13:10:21] Ruta no definida: /views/style.css
[2025-02-11 13:12:23] Ruta no definida: /views/style.css
[2025-02-11 13:12:23] Ruta no definida: /version2.0/public/img/2.png
[2025-02-11 13:12:23] Ruta no definida: /views/js/admin_variables.js
[2025-02-11 13:14:55] Ruta no definida: /views/style.css
[2025-02-11 13:14:56] Ruta no definida: /views/js/admin_variables.js
[2025-02-11 13:15:29] Ruta no definida: /views/style.css
[2025-02-11 13:15:29] Ruta no definida: /views/js/admin_variables.js
[2025-02-11 13:15:37] Ruta no definida: /views/js/admin_variables.js
[2025-02-11 13:15:37] Ruta no definida: /views/style.css
[2025-02-11 13:16:13] Ruta no definida: /views/style.css
[2025-02-11 13:16:13] Ruta no definida: /views/js/admin_variables.js
[2025-02-11 13:20:58] Ruta no definida: /views/style.css
[2025-02-11 13:20:58] Ruta no definida: /views/js/admin_variables.js
[2025-02-11 13:21:53] Ruta no definida: /views/style.css
[2025-02-11 13:21:53] Ruta no definida: /views/js/admin_variables.js
[2025-02-11 13:22:08] Ruta no definida: /views/js/admin_variables.js
[2025-02-11 13:22:08] Ruta no definida: /views/style.css
[2025-02-11 13:22:15] Ruta no definida: /views/style.css
[2025-02-11 13:22:15] Ruta no definida: /views/js/admin_variables.js
[2025-02-11 13:22:24] Ruta no definida: /views/style.css
[2025-02-11 13:22:24] Ruta no definida: /views/js/admin_variables.js
